Using pre-set license
Built from '2020.3/staging' branch; Version is '2020.3.4f1 (0abb6314276a) revision 703331'; Using compiler version '192528614'; Build Type 'Release'
OS: 'Windows 10 Enterprise LTSC 2019; OS build 17763.1817; Version 1809; 64bit' Language: 'en' Physical Memory: 7989 MB
BatchMode: 1, IsHumanControllingUs: 0, StartBugReporterOnCrash: 0, Is64bit: 1, IsPro: 0

 COMMAND LINE ARGUMENTS:
C:\Program Files\Unity\Hub\Editor\2020.3.4f1\Editor\Unity.exe
-adb2
-batchMode
-noUpm
-name
AssetImportWorker0
-projectPath
C:/Users/cloud08/Documents/Unity-Game-Development/Frogger
-logFile
Logs/AssetImportWorker0.log
-srvPort
61831
Successfully changed project path to: C:/Users/cloud08/Documents/Unity-Game-Development/Frogger
C:/Users/cloud08/Documents/Unity-Game-Development/Frogger
Using Asset Import Pipeline V2.
Refreshing native plugins compatible for Editor in 37.78 ms, found 1 plugins.
Preloading 0 native plugins for Editor in 0.00 ms.
Initialize engine version: 2020.3.4f1 (0abb6314276a)
[Subsystems] Discovering subsystems at path C:/Program Files/Unity/Hub/Editor/2020.3.4f1/Editor/Data/Resources/UnitySubsystems
[Subsystems] Discovering subsystems at path C:/Users/cloud08/Documents/Unity-Game-Development/Frogger/Assets
GfxDevice: creating device client; threaded=0
Direct3D:
    Version:  Direct3D 11.0 [level 11.1]
    Renderer: Intel(R) UHD Graphics 630 (ID=0x3e92)
    Vendor:   
    VRAM:     3994 MB
    Driver:   27.20.100.8935
Initialize mono
Mono path[0] = 'C:/Program Files/Unity/Hub/Editor/2020.3.4f1/Editor/Data/Managed'
Mono path[1] = 'C:/Program Files/Unity/Hub/Editor/2020.3.4f1/Editor/Data/MonoBleedingEdge/lib/mono/unityjit'
Mono config path = 'C:/Program Files/Unity/Hub/Editor/2020.3.4f1/Editor/Data/MonoBleedingEdge/etc'
Using monoOptions --debugger-agent=transport=dt_socket,embedding=1,server=y,suspend=n,address=127.0.0.1:56260
Begin MonoManager ReloadAssembly
Registering precompiled unity dll's ...
Register platform support module: C:/Program Files/Unity/Hub/Editor/2020.3.4f1/Editor/Data/PlaybackEngines/WindowsStandaloneSupport/UnityEditor.WindowsStandalone.Extensions.dll
Registered in 0.001127 seconds.
Native extension for WindowsStandalone target not found
Refreshing native plugins compatible for Editor in 38.02 ms, found 1 plugins.
Preloading 0 native plugins for Editor in 0.00 ms.
Mono: successfully reloaded assembly
- Completed reload, in  0.977 seconds
Platform modules already initialized, skipping
Registering precompiled user dll's ...
Registered in 0.000764 seconds.
Begin MonoManager ReloadAssembly
Native extension for WindowsStandalone target not found
Refreshing native plugins compatible for Editor in 32.61 ms, found 1 plugins.
Preloading 0 native plugins for Editor in 0.00 ms.
Mono: successfully reloaded assembly
- Completed reload, in  0.835 seconds
Platform modules already initialized, skipping
========================================================================
Worker process is ready to serve import requests
Launched and connected shader compiler UnityShaderCompiler.exe after 0.05 seconds
Refreshing native plugins compatible for Editor in 0.48 ms, found 1 plugins.
Preloading 0 native plugins for Editor in 0.00 ms.
Unloading 1814 Unused Serialized files (Serialized files now loaded: 0)
System memory in use before: 85.1 MB.
System memory in use after: 85.0 MB.

Unloading 24 unused Assets to reduce memory usage. Loaded Objects now: 2257.
Total: 2.256700 ms (FindLiveObjects: 0.221700 ms CreateObjectMapping: 0.082700 ms MarkObjects: 1.815100 ms  DeleteObjects: 0.136000 ms)

========================================================================
Received Import Request.
  path: Assets/coin.png
  artifactKey: Guid(9dce36effbffb0c40af90c4b5e1b417c) Importer(815301076,1909f56bfc062723c751e8b465ee728b)
Start importing Assets/coin.png using Guid(9dce36effbffb0c40af90c4b5e1b417c) Importer(815301076,1909f56bfc062723c751e8b465ee728b)  -> (artifact id: 'fdd5798f127c971e133738e1f57f49df') in 0.297248 seconds
  Import took 0.303449 seconds .

========================================================================
Received Import Request.
  Time since last request: 0.000668 seconds.
  path: Assets/Coin.prefab
  artifactKey: Guid(adec057b07e1b3d46bd4fa20fcfd08ee) Importer(815301076,1909f56bfc062723c751e8b465ee728b)
Start importing Assets/Coin.prefab using Guid(adec057b07e1b3d46bd4fa20fcfd08ee) Importer(815301076,1909f56bfc062723c751e8b465ee728b)  -> (artifact id: '5b3ae98bd5b92b2cb78a833c31539f3f') in 0.125473 seconds
  Import took 0.129903 seconds .

========================================================================
Received Prepare
Registering precompiled user dll's ...
Registered in 0.000719 seconds.
Begin MonoManager ReloadAssembly
Native extension for WindowsStandalone target not found
Refreshing native plugins compatible for Editor in 0.36 ms, found 1 plugins.
Preloading 0 native plugins for Editor in 0.00 ms.
Mono: successfully reloaded assembly
- Completed reload, in  0.727 seconds
Platform modules already initialized, skipping
Refreshing native plugins compatible for Editor in 0.33 ms, found 1 plugins.
Preloading 0 native plugins for Editor in 0.00 ms.
Unloading 1809 Unused Serialized files (Serialized files now loaded: 0)
System memory in use before: 88.1 MB.
System memory in use after: 88.1 MB.

Unloading 12 unused Assets to reduce memory usage. Loaded Objects now: 2270.
Total: 2.008200 ms (FindLiveObjects: 0.171000 ms CreateObjectMapping: 0.059500 ms MarkObjects: 1.652800 ms  DeleteObjects: 0.123900 ms)

========================================================================
Received Prepare
Registering precompiled user dll's ...
Registered in 0.000706 seconds.
Begin MonoManager ReloadAssembly
Native extension for WindowsStandalone target not found
Refreshing native plugins compatible for Editor in 0.32 ms, found 1 plugins.
Preloading 0 native plugins for Editor in 0.00 ms.
Mono: successfully reloaded assembly
- Completed reload, in  0.713 seconds
Platform modules already initialized, skipping
Refreshing native plugins compatible for Editor in 0.33 ms, found 1 plugins.
Preloading 0 native plugins for Editor in 0.00 ms.
Unloading 1809 Unused Serialized files (Serialized files now loaded: 0)
System memory in use before: 88.2 MB.
System memory in use after: 88.1 MB.

Unloading 12 unused Assets to reduce memory usage. Loaded Objects now: 2274.
Total: 1.789900 ms (FindLiveObjects: 0.170900 ms CreateObjectMapping: 0.061300 ms MarkObjects: 1.466000 ms  DeleteObjects: 0.090900 ms)

========================================================================
Received Import Request.
  Time since last request: 142.482398 seconds.
  path: Assets/Coin.prefab
  artifactKey: Guid(adec057b07e1b3d46bd4fa20fcfd08ee) Importer(815301076,1909f56bfc062723c751e8b465ee728b)
Start importing Assets/Coin.prefab using Guid(adec057b07e1b3d46bd4fa20fcfd08ee) Importer(815301076,1909f56bfc062723c751e8b465ee728b)  -> (artifact id: 'c21a806a3c50a8843a02781c15bd948d') in 0.105377 seconds
  Import took 0.109490 seconds .

========================================================================
Received Prepare
Registering precompiled user dll's ...
Registered in 0.001029 seconds.
Begin MonoManager ReloadAssembly
Native extension for WindowsStandalone target not found
Refreshing native plugins compatible for Editor in 0.32 ms, found 1 plugins.
Preloading 0 native plugins for Editor in 0.00 ms.
Mono: successfully reloaded assembly
- Completed reload, in  0.687 seconds
Platform modules already initialized, skipping
Refreshing native plugins compatible for Editor in 0.31 ms, found 1 plugins.
Preloading 0 native plugins for Editor in 0.00 ms.
Unloading 1809 Unused Serialized files (Serialized files now loaded: 0)
System memory in use before: 88.2 MB.
System memory in use after: 88.2 MB.

Unloading 12 unused Assets to reduce memory usage. Loaded Objects now: 2279.
Total: 1.949600 ms (FindLiveObjects: 0.176600 ms CreateObjectMapping: 0.054400 ms MarkObjects: 1.502700 ms  DeleteObjects: 0.215300 ms)

========================================================================
Received Import Request.
  Time since last request: 11.769996 seconds.
  path: Assets/Coin.prefab
  artifactKey: Guid(adec057b07e1b3d46bd4fa20fcfd08ee) Importer(815301076,1909f56bfc062723c751e8b465ee728b)
Start importing Assets/Coin.prefab using Guid(adec057b07e1b3d46bd4fa20fcfd08ee) Importer(815301076,1909f56bfc062723c751e8b465ee728b)  -> (artifact id: '5f6f728b7a3879c40f6abd3cb7feb2f4') in 0.087425 seconds
  Import took 0.093063 seconds .

========================================================================
Received Import Request.
  Time since last request: 129.883036 seconds.
  path: Assets/Coin.prefab
  artifactKey: Guid(adec057b07e1b3d46bd4fa20fcfd08ee) Importer(815301076,1909f56bfc062723c751e8b465ee728b)
Start importing Assets/Coin.prefab using Guid(adec057b07e1b3d46bd4fa20fcfd08ee) Importer(815301076,1909f56bfc062723c751e8b465ee728b)  -> (artifact id: 'bbf8f3c45fcbf6d7e94260d10574b3bd') in 0.050980 seconds
  Import took 0.056434 seconds .

========================================================================
Received Prepare
Registering precompiled user dll's ...
Registered in 0.000731 seconds.
Begin MonoManager ReloadAssembly
Native extension for WindowsStandalone target not found
Refreshing native plugins compatible for Editor in 0.51 ms, found 1 plugins.
Preloading 0 native plugins for Editor in 0.00 ms.
Mono: successfully reloaded assembly
- Completed reload, in  0.700 seconds
Platform modules already initialized, skipping
Refreshing native plugins compatible for Editor in 0.38 ms, found 1 plugins.
Preloading 0 native plugins for Editor in 0.00 ms.
Unloading 1809 Unused Serialized files (Serialized files now loaded: 0)
System memory in use before: 88.2 MB.
System memory in use after: 88.2 MB.

Unloading 12 unused Assets to reduce memory usage. Loaded Objects now: 2284.
Total: 1.965300 ms (FindLiveObjects: 0.192900 ms CreateObjectMapping: 0.104400 ms MarkObjects: 1.534900 ms  DeleteObjects: 0.132200 ms)

========================================================================
Received Prepare
Registering precompiled user dll's ...
Registered in 0.000767 seconds.
Begin MonoManager ReloadAssembly
Native extension for WindowsStandalone target not found
Refreshing native plugins compatible for Editor in 0.33 ms, found 1 plugins.
Preloading 0 native plugins for Editor in 0.00 ms.
Mono: successfully reloaded assembly
- Completed reload, in  0.845 seconds
Platform modules already initialized, skipping
Refreshing native plugins compatible for Editor in 0.33 ms, found 1 plugins.
Preloading 0 native plugins for Editor in 0.00 ms.
Unloading 1809 Unused Serialized files (Serialized files now loaded: 0)
System memory in use before: 88.2 MB.
System memory in use after: 88.2 MB.

Unloading 12 unused Assets to reduce memory usage. Loaded Objects now: 2288.
Total: 2.058100 ms (FindLiveObjects: 0.283700 ms CreateObjectMapping: 0.085200 ms MarkObjects: 1.580600 ms  DeleteObjects: 0.106900 ms)

========================================================================
Received Prepare
Registering precompiled user dll's ...
Registered in 0.000684 seconds.
Begin MonoManager ReloadAssembly
Native extension for WindowsStandalone target not found
Refreshing native plugins compatible for Editor in 0.62 ms, found 1 plugins.
Preloading 0 native plugins for Editor in 0.00 ms.
Mono: successfully reloaded assembly
- Completed reload, in  0.941 seconds
Platform modules already initialized, skipping
Refreshing native plugins compatible for Editor in 0.39 ms, found 1 plugins.
Preloading 0 native plugins for Editor in 0.00 ms.
Unloading 1809 Unused Serialized files (Serialized files now loaded: 0)
System memory in use before: 88.2 MB.
System memory in use after: 88.2 MB.

Unloading 12 unused Assets to reduce memory usage. Loaded Objects now: 2292.
Total: 2.103000 ms (FindLiveObjects: 0.182000 ms CreateObjectMapping: 0.061400 ms MarkObjects: 1.720700 ms  DeleteObjects: 0.137900 ms)

========================================================================
Received Prepare
Registering precompiled user dll's ...
Registered in 0.000722 seconds.
Begin MonoManager ReloadAssembly
Native extension for WindowsStandalone target not found
Refreshing native plugins compatible for Editor in 0.53 ms, found 1 plugins.
Preloading 0 native plugins for Editor in 0.00 ms.
Mono: successfully reloaded assembly
- Completed reload, in  1.511 seconds
Platform modules already initialized, skipping
Refreshing native plugins compatible for Editor in 0.31 ms, found 1 plugins.
Preloading 0 native plugins for Editor in 0.00 ms.
Unloading 1809 Unused Serialized files (Serialized files now loaded: 0)
System memory in use before: 88.3 MB.
System memory in use after: 88.2 MB.

Unloading 12 unused Assets to reduce memory usage. Loaded Objects now: 2296.
Total: 1.972200 ms (FindLiveObjects: 0.266000 ms CreateObjectMapping: 0.083200 ms MarkObjects: 1.517300 ms  DeleteObjects: 0.104200 ms)

========================================================================
Received Prepare
Registering precompiled user dll's ...
Registered in 0.000865 seconds.
Begin MonoManager ReloadAssembly
Native extension for WindowsStandalone target not found
Refreshing native plugins compatible for Editor in 0.46 ms, found 1 plugins.
Preloading 0 native plugins for Editor in 0.00 ms.
Mono: successfully reloaded assembly
- Completed reload, in  1.711 seconds
Platform modules already initialized, skipping
Refreshing native plugins compatible for Editor in 0.32 ms, found 1 plugins.
Preloading 0 native plugins for Editor in 0.00 ms.
Unloading 1809 Unused Serialized files (Serialized files now loaded: 0)
System memory in use before: 88.3 MB.
System memory in use after: 88.2 MB.

Unloading 12 unused Assets to reduce memory usage. Loaded Objects now: 2300.
Total: 1.988600 ms (FindLiveObjects: 0.167500 ms CreateObjectMapping: 0.071300 ms MarkObjects: 1.621100 ms  DeleteObjects: 0.128000 ms)

========================================================================
Received Import Request.
  Time since last request: 363.554238 seconds.
  path: Assets/Coin.prefab
  artifactKey: Guid(adec057b07e1b3d46bd4fa20fcfd08ee) Importer(815301076,1909f56bfc062723c751e8b465ee728b)
Start importing Assets/Coin.prefab using Guid(adec057b07e1b3d46bd4fa20fcfd08ee) Importer(815301076,1909f56bfc062723c751e8b465ee728b)  -> (artifact id: '43766975b48f1204b6f66e83e852411a') in 0.208229 seconds
  Import took 0.212238 seconds .

========================================================================
Received Import Request.
  Time since last request: 23.792274 seconds.
  path: ProjectSettings/TagManager.asset
  artifactKey: Guid(00000000000000003000000000000000) Importer(815301076,1909f56bfc062723c751e8b465ee728b)
Start importing ProjectSettings/TagManager.asset using Guid(00000000000000003000000000000000) Importer(815301076,1909f56bfc062723c751e8b465ee728b)  -> (artifact id: '4daaa3de01570d8ccba4bdebdc0e6ac0') in 0.010160 seconds
  Import took 0.013203 seconds .

========================================================================
Received Prepare
Registering precompiled user dll's ...
Registered in 0.000702 seconds.
Begin MonoManager ReloadAssembly
Native extension for WindowsStandalone target not found
Refreshing native plugins compatible for Editor in 0.35 ms, found 1 plugins.
Preloading 0 native plugins for Editor in 0.00 ms.
Mono: successfully reloaded assembly
- Completed reload, in  0.780 seconds
Platform modules already initialized, skipping
Refreshing native plugins compatible for Editor in 0.34 ms, found 1 plugins.
Preloading 0 native plugins for Editor in 0.00 ms.
Unloading 1809 Unused Serialized files (Serialized files now loaded: 0)
System memory in use before: 88.3 MB.
System memory in use after: 88.3 MB.

Unloading 13 unused Assets to reduce memory usage. Loaded Objects now: 2305.
Total: 2.247100 ms (FindLiveObjects: 0.181100 ms CreateObjectMapping: 0.072100 ms MarkObjects: 1.850400 ms  DeleteObjects: 0.142600 ms)

========================================================================
Received Import Request.
  Time since last request: 83.137990 seconds.
  path: Assets/CoinSpawner.cs
  artifactKey: Guid(278412ec31760404ebc2019b1a78d177) Importer(815301076,1909f56bfc062723c751e8b465ee728b)
Start importing Assets/CoinSpawner.cs using Guid(278412ec31760404ebc2019b1a78d177) Importer(815301076,1909f56bfc062723c751e8b465ee728b)  -> (artifact id: 'be7a2bf2cab90b9712e2a84733d88eb9') in 0.024209 seconds
  Import took 0.027422 seconds .

========================================================================
Received Import Request.
  Time since last request: 0.001674 seconds.
  path: Assets/CoinSpawner.cs
  artifactKey: Guid(278412ec31760404ebc2019b1a78d177) Importer(815301076,1909f56bfc062723c751e8b465ee728b)
Start importing Assets/CoinSpawner.cs using Guid(278412ec31760404ebc2019b1a78d177) Importer(815301076,1909f56bfc062723c751e8b465ee728b)  -> (artifact id: 'be7a2bf2cab90b9712e2a84733d88eb9') in 0.011261 seconds
  Import took 0.015217 seconds .

========================================================================
Received Prepare
Registering precompiled user dll's ...
Registered in 0.000790 seconds.
Begin MonoManager ReloadAssembly
Native extension for WindowsStandalone target not found
Refreshing native plugins compatible for Editor in 0.38 ms, found 1 plugins.
Preloading 0 native plugins for Editor in 0.00 ms.
Mono: successfully reloaded assembly
- Completed reload, in  0.750 seconds
Platform modules already initialized, skipping
Refreshing native plugins compatible for Editor in 0.32 ms, found 1 plugins.
Preloading 0 native plugins for Editor in 0.00 ms.
Unloading 1809 Unused Serialized files (Serialized files now loaded: 0)
System memory in use before: 88.3 MB.
System memory in use after: 88.3 MB.

Unloading 12 unused Assets to reduce memory usage. Loaded Objects now: 2309.
Total: 1.800000 ms (FindLiveObjects: 0.161700 ms CreateObjectMapping: 0.055600 ms MarkObjects: 1.444400 ms  DeleteObjects: 0.137300 ms)

========================================================================
Received Import Request.
  Time since last request: 51.717980 seconds.
  path: Assets/Coin.prefab
  artifactKey: Guid(adec057b07e1b3d46bd4fa20fcfd08ee) Importer(815301076,1909f56bfc062723c751e8b465ee728b)
Start importing Assets/Coin.prefab using Guid(adec057b07e1b3d46bd4fa20fcfd08ee) Importer(815301076,1909f56bfc062723c751e8b465ee728b)  -> (artifact id: '7b9a3385db958608e31fd11234d2810a') in 0.158482 seconds
  Import took 0.162597 seconds .

========================================================================
Received Prepare
Registering precompiled user dll's ...
Registered in 0.000655 seconds.
Begin MonoManager ReloadAssembly
Native extension for WindowsStandalone target not found
Refreshing native plugins compatible for Editor in 0.34 ms, found 1 plugins.
Preloading 0 native plugins for Editor in 0.00 ms.
Mono: successfully reloaded assembly
- Completed reload, in  0.763 seconds
Platform modules already initialized, skipping
Refreshing native plugins compatible for Editor in 0.38 ms, found 1 plugins.
Preloading 0 native plugins for Editor in 0.00 ms.
Unloading 1809 Unused Serialized files (Serialized files now loaded: 0)
System memory in use before: 88.3 MB.
System memory in use after: 88.3 MB.

Unloading 12 unused Assets to reduce memory usage. Loaded Objects now: 2314.
Total: 2.481800 ms (FindLiveObjects: 0.297500 ms CreateObjectMapping: 0.133600 ms MarkObjects: 1.932100 ms  DeleteObjects: 0.117600 ms)

========================================================================
Received Prepare
Registering precompiled user dll's ...
Registered in 0.000674 seconds.
Begin MonoManager ReloadAssembly
Native extension for WindowsStandalone target not found
Refreshing native plugins compatible for Editor in 0.35 ms, found 1 plugins.
Preloading 0 native plugins for Editor in 0.00 ms.
Mono: successfully reloaded assembly
- Completed reload, in  0.788 seconds
Platform modules already initialized, skipping
Refreshing native plugins compatible for Editor in 0.36 ms, found 1 plugins.
Preloading 0 native plugins for Editor in 0.00 ms.
Unloading 1809 Unused Serialized files (Serialized files now loaded: 0)
System memory in use before: 88.3 MB.
System memory in use after: 88.3 MB.

Unloading 12 unused Assets to reduce memory usage. Loaded Objects now: 2318.
Total: 1.925800 ms (FindLiveObjects: 0.186800 ms CreateObjectMapping: 0.066300 ms MarkObjects: 1.559300 ms  DeleteObjects: 0.112600 ms)

========================================================================
Received Prepare
Registering precompiled user dll's ...
Registered in 0.000872 seconds.
Begin MonoManager ReloadAssembly
Native extension for WindowsStandalone target not found
Refreshing native plugins compatible for Editor in 0.34 ms, found 1 plugins.
Preloading 0 native plugins for Editor in 0.00 ms.
Mono: successfully reloaded assembly
- Completed reload, in  0.837 seconds
Platform modules already initialized, skipping
Refreshing native plugins compatible for Editor in 0.32 ms, found 1 plugins.
Preloading 0 native plugins for Editor in 0.00 ms.
Unloading 1809 Unused Serialized files (Serialized files now loaded: 0)
System memory in use before: 88.3 MB.
System memory in use after: 88.3 MB.

Unloading 12 unused Assets to reduce memory usage. Loaded Objects now: 2322.
Total: 2.168500 ms (FindLiveObjects: 0.192400 ms CreateObjectMapping: 0.059400 ms MarkObjects: 1.727900 ms  DeleteObjects: 0.187900 ms)

========================================================================
Received Prepare
Registering precompiled user dll's ...
Registered in 0.000730 seconds.
Begin MonoManager ReloadAssembly
Native extension for WindowsStandalone target not found
Refreshing native plugins compatible for Editor in 0.37 ms, found 1 plugins.
Preloading 0 native plugins for Editor in 0.00 ms.
Mono: successfully reloaded assembly
- Completed reload, in  0.802 seconds
Platform modules already initialized, skipping
Refreshing native plugins compatible for Editor in 0.46 ms, found 1 plugins.
Preloading 0 native plugins for Editor in 0.00 ms.
Unloading 1809 Unused Serialized files (Serialized files now loaded: 0)
System memory in use before: 88.3 MB.
System memory in use after: 88.3 MB.

Unloading 12 unused Assets to reduce memory usage. Loaded Objects now: 2326.
Total: 2.550100 ms (FindLiveObjects: 0.420800 ms CreateObjectMapping: 0.122100 ms MarkObjects: 1.902700 ms  DeleteObjects: 0.103300 ms)

========================================================================
Received Prepare
Registering precompiled user dll's ...
Registered in 0.000734 seconds.
Begin MonoManager ReloadAssembly
Native extension for WindowsStandalone target not found
Refreshing native plugins compatible for Editor in 0.32 ms, found 1 plugins.
Preloading 0 native plugins for Editor in 0.00 ms.
Mono: successfully reloaded assembly
- Completed reload, in  0.795 seconds
Platform modules already initialized, skipping
Refreshing native plugins compatible for Editor in 0.39 ms, found 1 plugins.
Preloading 0 native plugins for Editor in 0.00 ms.
Unloading 1809 Unused Serialized files (Serialized files now loaded: 0)
System memory in use before: 88.4 MB.
System memory in use after: 88.3 MB.

Unloading 12 unused Assets to reduce memory usage. Loaded Objects now: 2330.
Total: 2.587500 ms (FindLiveObjects: 0.172000 ms CreateObjectMapping: 0.057700 ms MarkObjects: 2.250600 ms  DeleteObjects: 0.106000 ms)

========================================================================
Received Prepare
Registering precompiled user dll's ...
Registered in 0.000724 seconds.
Begin MonoManager ReloadAssembly
Native extension for WindowsStandalone target not found
Refreshing native plugins compatible for Editor in 0.33 ms, found 1 plugins.
Preloading 0 native plugins for Editor in 0.00 ms.
Mono: successfully reloaded assembly
- Completed reload, in  0.774 seconds
Platform modules already initialized, skipping
Refreshing native plugins compatible for Editor in 0.39 ms, found 1 plugins.
Preloading 0 native plugins for Editor in 0.00 ms.
Unloading 1809 Unused Serialized files (Serialized files now loaded: 0)
System memory in use before: 88.4 MB.
System memory in use after: 88.3 MB.

Unloading 12 unused Assets to reduce memory usage. Loaded Objects now: 2334.
Total: 2.272000 ms (FindLiveObjects: 0.191100 ms CreateObjectMapping: 0.063900 ms MarkObjects: 1.881100 ms  DeleteObjects: 0.134600 ms)

========================================================================
Received Prepare
Registering precompiled user dll's ...
Registered in 0.000695 seconds.
Begin MonoManager ReloadAssembly
Native extension for WindowsStandalone target not found
Refreshing native plugins compatible for Editor in 0.34 ms, found 1 plugins.
Preloading 0 native plugins for Editor in 0.00 ms.
Mono: successfully reloaded assembly
- Completed reload, in  0.778 seconds
Platform modules already initialized, skipping
Refreshing native plugins compatible for Editor in 0.36 ms, found 1 plugins.
Preloading 0 native plugins for Editor in 0.00 ms.
Unloading 1809 Unused Serialized files (Serialized files now loaded: 0)
System memory in use before: 88.4 MB.
System memory in use after: 88.3 MB.

Unloading 12 unused Assets to reduce memory usage. Loaded Objects now: 2338.
Total: 2.312900 ms (FindLiveObjects: 0.225800 ms CreateObjectMapping: 0.087900 ms MarkObjects: 1.893500 ms  DeleteObjects: 0.104300 ms)

========================================================================
Received Prepare
Registering precompiled user dll's ...
Registered in 0.000753 seconds.
Begin MonoManager ReloadAssembly
Native extension for WindowsStandalone target not found
Refreshing native plugins compatible for Editor in 0.33 ms, found 1 plugins.
Preloading 0 native plugins for Editor in 0.00 ms.
Mono: successfully reloaded assembly
- Completed reload, in  0.753 seconds
Platform modules already initialized, skipping
Refreshing native plugins compatible for Editor in 0.32 ms, found 1 plugins.
Preloading 0 native plugins for Editor in 0.00 ms.
Unloading 1809 Unused Serialized files (Serialized files now loaded: 0)
System memory in use before: 88.4 MB.
System memory in use after: 88.4 MB.

Unloading 12 unused Assets to reduce memory usage. Loaded Objects now: 2342.
Total: 3.034200 ms (FindLiveObjects: 0.193300 ms CreateObjectMapping: 0.088100 ms MarkObjects: 2.632200 ms  DeleteObjects: 0.119400 ms)

========================================================================
Received Prepare
Registering precompiled user dll's ...
Registered in 0.000864 seconds.
Begin MonoManager ReloadAssembly
Native extension for WindowsStandalone target not found
Refreshing native plugins compatible for Editor in 0.38 ms, found 1 plugins.
Preloading 0 native plugins for Editor in 0.00 ms.
Mono: successfully reloaded assembly
- Completed reload, in  0.794 seconds
Platform modules already initialized, skipping
Refreshing native plugins compatible for Editor in 0.32 ms, found 1 plugins.
Preloading 0 native plugins for Editor in 0.00 ms.
Unloading 1809 Unused Serialized files (Serialized files now loaded: 0)
System memory in use before: 88.4 MB.
System memory in use after: 88.4 MB.

Unloading 12 unused Assets to reduce memory usage. Loaded Objects now: 2346.
Total: 2.658100 ms (FindLiveObjects: 0.177600 ms CreateObjectMapping: 0.088300 ms MarkObjects: 2.272500 ms  DeleteObjects: 0.118200 ms)

========================================================================
Received Prepare
Registering precompiled user dll's ...
Registered in 0.000982 seconds.
Begin MonoManager ReloadAssembly
Native extension for WindowsStandalone target not found
Refreshing native plugins compatible for Editor in 0.33 ms, found 1 plugins.
Preloading 0 native plugins for Editor in 0.00 ms.
Mono: successfully reloaded assembly
- Completed reload, in  0.794 seconds
Platform modules already initialized, skipping
Refreshing native plugins compatible for Editor in 0.33 ms, found 1 plugins.
Preloading 0 native plugins for Editor in 0.00 ms.
Unloading 1809 Unused Serialized files (Serialized files now loaded: 0)
System memory in use before: 88.4 MB.
System memory in use after: 88.4 MB.

Unloading 12 unused Assets to reduce memory usage. Loaded Objects now: 2350.
Total: 2.170600 ms (FindLiveObjects: 0.343300 ms CreateObjectMapping: 0.088000 ms MarkObjects: 1.597900 ms  DeleteObjects: 0.140000 ms)

========================================================================
Received Prepare
Registering precompiled user dll's ...
Registered in 0.000659 seconds.
Begin MonoManager ReloadAssembly
Native extension for WindowsStandalone target not found
Refreshing native plugins compatible for Editor in 0.33 ms, found 1 plugins.
Preloading 0 native plugins for Editor in 0.00 ms.
Mono: successfully reloaded assembly
- Completed reload, in  0.835 seconds
Platform modules already initialized, skipping
Refreshing native plugins compatible for Editor in 0.33 ms, found 1 plugins.
Preloading 0 native plugins for Editor in 0.00 ms.
Unloading 1809 Unused Serialized files (Serialized files now loaded: 0)
System memory in use before: 88.4 MB.
System memory in use after: 88.4 MB.

Unloading 12 unused Assets to reduce memory usage. Loaded Objects now: 2354.
Total: 2.313900 ms (FindLiveObjects: 0.169600 ms CreateObjectMapping: 0.053100 ms MarkObjects: 1.742700 ms  DeleteObjects: 0.347300 ms)

========================================================================
Received Import Request.
  Time since last request: 646.796116 seconds.
  path: ProjectSettings/TagManager.asset
  artifactKey: Guid(00000000000000003000000000000000) Importer(815301076,1909f56bfc062723c751e8b465ee728b)
Start importing ProjectSettings/TagManager.asset using Guid(00000000000000003000000000000000) Importer(815301076,1909f56bfc062723c751e8b465ee728b)  -> (artifact id: '6d73b4d030f94c0e0814b57bcb180a63') in 0.024648 seconds
  Import took 0.029078 seconds .

========================================================================
Received Prepare
Registering precompiled user dll's ...
Registered in 0.000680 seconds.
Begin MonoManager ReloadAssembly
Native extension for WindowsStandalone target not found
Refreshing native plugins compatible for Editor in 0.55 ms, found 1 plugins.
Preloading 0 native plugins for Editor in 0.00 ms.
Mono: successfully reloaded assembly
- Completed reload, in  0.772 seconds
Platform modules already initialized, skipping
Refreshing native plugins compatible for Editor in 0.34 ms, found 1 plugins.
Preloading 0 native plugins for Editor in 0.00 ms.
Unloading 1809 Unused Serialized files (Serialized files now loaded: 0)
System memory in use before: 88.4 MB.
System memory in use after: 88.4 MB.

Unloading 13 unused Assets to reduce memory usage. Loaded Objects now: 2358.
Total: 1.970400 ms (FindLiveObjects: 0.193400 ms CreateObjectMapping: 0.073500 ms MarkObjects: 1.598800 ms  DeleteObjects: 0.103600 ms)

========================================================================
Received Prepare
Registering precompiled user dll's ...
Registered in 0.000757 seconds.
Begin MonoManager ReloadAssembly
Native extension for WindowsStandalone target not found
Refreshing native plugins compatible for Editor in 0.33 ms, found 1 plugins.
Preloading 0 native plugins for Editor in 0.00 ms.
Mono: successfully reloaded assembly
- Completed reload, in  0.747 seconds
Platform modules already initialized, skipping
Refreshing native plugins compatible for Editor in 0.32 ms, found 1 plugins.
Preloading 0 native plugins for Editor in 0.00 ms.
Unloading 1809 Unused Serialized files (Serialized files now loaded: 0)
System memory in use before: 88.4 MB.
System memory in use after: 88.4 MB.

Unloading 12 unused Assets to reduce memory usage. Loaded Objects now: 2362.
Total: 2.182300 ms (FindLiveObjects: 0.204700 ms CreateObjectMapping: 0.087500 ms MarkObjects: 1.743100 ms  DeleteObjects: 0.146200 ms)

========================================================================
Received Import Request.
  Time since last request: 226.241299 seconds.
  path: Assets/Coin.prefab
  artifactKey: Guid(adec057b07e1b3d46bd4fa20fcfd08ee) Importer(815301076,1909f56bfc062723c751e8b465ee728b)
Start importing Assets/Coin.prefab using Guid(adec057b07e1b3d46bd4fa20fcfd08ee) Importer(815301076,1909f56bfc062723c751e8b465ee728b)  -> (artifact id: '2bb7b0f2e6c4e923bd2deae3dcaf6413') in 0.231577 seconds
  Import took 0.247869 seconds .

========================================================================
Received Prepare
Registering precompiled user dll's ...
Registered in 0.000722 seconds.
Begin MonoManager ReloadAssembly
Native extension for WindowsStandalone target not found
Refreshing native plugins compatible for Editor in 0.34 ms, found 1 plugins.
Preloading 0 native plugins for Editor in 0.00 ms.
Mono: successfully reloaded assembly
- Completed reload, in  0.767 seconds
Platform modules already initialized, skipping
Refreshing native plugins compatible for Editor in 0.39 ms, found 1 plugins.
Preloading 0 native plugins for Editor in 0.00 ms.
Unloading 1809 Unused Serialized files (Serialized files now loaded: 0)
System memory in use before: 88.4 MB.
System memory in use after: 88.4 MB.

Unloading 12 unused Assets to reduce memory usage. Loaded Objects now: 2367.
Total: 2.313400 ms (FindLiveObjects: 0.204400 ms CreateObjectMapping: 0.116300 ms MarkObjects: 1.791200 ms  DeleteObjects: 0.200400 ms)

========================================================================
Received Prepare
Registering precompiled user dll's ...
Registered in 0.000662 seconds.
Begin MonoManager ReloadAssembly
Native extension for WindowsStandalone target not found
Refreshing native plugins compatible for Editor in 0.32 ms, found 1 plugins.
Preloading 0 native plugins for Editor in 0.00 ms.
Mono: successfully reloaded assembly
- Completed reload, in  0.735 seconds
Platform modules already initialized, skipping
Refreshing native plugins compatible for Editor in 0.33 ms, found 1 plugins.
Preloading 0 native plugins for Editor in 0.00 ms.
Unloading 1809 Unused Serialized files (Serialized files now loaded: 0)
System memory in use before: 88.4 MB.
System memory in use after: 88.4 MB.

Unloading 12 unused Assets to reduce memory usage. Loaded Objects now: 2371.
Total: 2.561600 ms (FindLiveObjects: 0.199200 ms CreateObjectMapping: 0.065800 ms MarkObjects: 2.107100 ms  DeleteObjects: 0.188300 ms)

========================================================================
Received Prepare
Registering precompiled user dll's ...
Registered in 0.000714 seconds.
Begin MonoManager ReloadAssembly
Native extension for WindowsStandalone target not found
Refreshing native plugins compatible for Editor in 0.33 ms, found 1 plugins.
Preloading 0 native plugins for Editor in 0.00 ms.
Mono: successfully reloaded assembly
- Completed reload, in  0.753 seconds
Platform modules already initialized, skipping
Refreshing native plugins compatible for Editor in 0.32 ms, found 1 plugins.
Preloading 0 native plugins for Editor in 0.00 ms.
Unloading 1809 Unused Serialized files (Serialized files now loaded: 0)
System memory in use before: 88.4 MB.
System memory in use after: 88.4 MB.

Unloading 12 unused Assets to reduce memory usage. Loaded Objects now: 2375.
Total: 2.563400 ms (FindLiveObjects: 0.175500 ms CreateObjectMapping: 0.063900 ms MarkObjects: 2.209200 ms  DeleteObjects: 0.113900 ms)

========================================================================
Received Prepare
Registering precompiled user dll's ...
Registered in 0.000696 seconds.
Begin MonoManager ReloadAssembly
Native extension for WindowsStandalone target not found
Refreshing native plugins compatible for Editor in 0.34 ms, found 1 plugins.
Preloading 0 native plugins for Editor in 0.00 ms.
Mono: successfully reloaded assembly
- Completed reload, in  0.809 seconds
Platform modules already initialized, skipping
Refreshing native plugins compatible for Editor in 0.31 ms, found 1 plugins.
Preloading 0 native plugins for Editor in 0.00 ms.
Unloading 1809 Unused Serialized files (Serialized files now loaded: 0)
System memory in use before: 88.5 MB.
System memory in use after: 88.4 MB.

Unloading 12 unused Assets to reduce memory usage. Loaded Objects now: 2379.
Total: 3.059200 ms (FindLiveObjects: 0.215700 ms CreateObjectMapping: 0.112300 ms MarkObjects: 2.554600 ms  DeleteObjects: 0.175600 ms)

========================================================================
Received Import Request.
  Time since last request: 545.308264 seconds.
  path: Assets/coin.prefab
  artifactKey: Guid(adec057b07e1b3d46bd4fa20fcfd08ee) Importer(815301076,1909f56bfc062723c751e8b465ee728b)
Start importing Assets/coin.prefab using Guid(adec057b07e1b3d46bd4fa20fcfd08ee) Importer(815301076,1909f56bfc062723c751e8b465ee728b)  -> (artifact id: 'b3c371d60b0ae1a1d110fb23ed7743da') in 0.227606 seconds
  Import took 0.231834 seconds .

========================================================================
Received Import Request.
  Time since last request: 52.441224 seconds.
  path: Assets/coin.prefab
  artifactKey: Guid(adec057b07e1b3d46bd4fa20fcfd08ee) Importer(815301076,1909f56bfc062723c751e8b465ee728b)
Start importing Assets/coin.prefab using Guid(adec057b07e1b3d46bd4fa20fcfd08ee) Importer(815301076,1909f56bfc062723c751e8b465ee728b)  -> (artifact id: '63cd617ccb45d14059e3cec8eab8e2df') in 0.313861 seconds
  Import took 0.319093 seconds .

========================================================================
Received Prepare
Registering precompiled user dll's ...
Registered in 0.000771 seconds.
Begin MonoManager ReloadAssembly
Native extension for WindowsStandalone target not found
Refreshing native plugins compatible for Editor in 0.36 ms, found 1 plugins.
Preloading 0 native plugins for Editor in 0.00 ms.
Mono: successfully reloaded assembly
- Completed reload, in  0.825 seconds
Platform modules already initialized, skipping
Refreshing native plugins compatible for Editor in 0.38 ms, found 1 plugins.
Preloading 0 native plugins for Editor in 0.00 ms.
Unloading 1809 Unused Serialized files (Serialized files now loaded: 0)
System memory in use before: 88.5 MB.
System memory in use after: 88.4 MB.

Unloading 12 unused Assets to reduce memory usage. Loaded Objects now: 2384.
Total: 2.147900 ms (FindLiveObjects: 0.216900 ms CreateObjectMapping: 0.073100 ms MarkObjects: 1.733500 ms  DeleteObjects: 0.123400 ms)

========================================================================
Received Prepare
Registering precompiled user dll's ...
Registered in 0.000742 seconds.
Begin MonoManager ReloadAssembly
Native extension for WindowsStandalone target not found
Refreshing native plugins compatible for Editor in 0.36 ms, found 1 plugins.
Preloading 0 native plugins for Editor in 0.00 ms.
Mono: successfully reloaded assembly
- Completed reload, in  0.759 seconds
Platform modules already initialized, skipping
Refreshing native plugins compatible for Editor in 0.32 ms, found 1 plugins.
Preloading 0 native plugins for Editor in 0.00 ms.
Unloading 1809 Unused Serialized files (Serialized files now loaded: 0)
System memory in use before: 88.5 MB.
System memory in use after: 88.5 MB.

Unloading 12 unused Assets to reduce memory usage. Loaded Objects now: 2388.
Total: 2.833900 ms (FindLiveObjects: 0.173500 ms CreateObjectMapping: 0.057900 ms MarkObjects: 2.488300 ms  DeleteObjects: 0.113000 ms)

========================================================================
Received Prepare
Registering precompiled user dll's ...
Registered in 0.000721 seconds.
Begin MonoManager ReloadAssembly
Native extension for WindowsStandalone target not found
Refreshing native plugins compatible for Editor in 0.39 ms, found 1 plugins.
Preloading 0 native plugins for Editor in 0.00 ms.
Mono: successfully reloaded assembly
- Completed reload, in  0.761 seconds
Platform modules already initialized, skipping
Refreshing native plugins compatible for Editor in 0.35 ms, found 1 plugins.
Preloading 0 native plugins for Editor in 0.00 ms.
Unloading 1809 Unused Serialized files (Serialized files now loaded: 0)
System memory in use before: 88.5 MB.
System memory in use after: 88.5 MB.

Unloading 12 unused Assets to reduce memory usage. Loaded Objects now: 2392.
Total: 2.294900 ms (FindLiveObjects: 0.177700 ms CreateObjectMapping: 0.089100 ms MarkObjects: 1.897600 ms  DeleteObjects: 0.128600 ms)

========================================================================
Received Prepare
Registering precompiled user dll's ...
Registered in 0.000636 seconds.
Begin MonoManager ReloadAssembly
Native extension for WindowsStandalone target not found
Refreshing native plugins compatible for Editor in 0.35 ms, found 1 plugins.
Preloading 0 native plugins for Editor in 0.00 ms.
Mono: successfully reloaded assembly
- Completed reload, in  0.759 seconds
Platform modules already initialized, skipping
Refreshing native plugins compatible for Editor in 0.34 ms, found 1 plugins.
Preloading 0 native plugins for Editor in 0.00 ms.
Unloading 1809 Unused Serialized files (Serialized files now loaded: 0)
System memory in use before: 88.5 MB.
System memory in use after: 88.5 MB.

Unloading 12 unused Assets to reduce memory usage. Loaded Objects now: 2396.
Total: 1.996800 ms (FindLiveObjects: 0.191800 ms CreateObjectMapping: 0.079700 ms MarkObjects: 1.624800 ms  DeleteObjects: 0.099600 ms)

========================================================================
Received Prepare
Registering precompiled user dll's ...
Registered in 0.001318 seconds.
Begin MonoManager ReloadAssembly
Native extension for WindowsStandalone target not found
Refreshing native plugins compatible for Editor in 0.33 ms, found 1 plugins.
Preloading 0 native plugins for Editor in 0.00 ms.
Mono: successfully reloaded assembly
- Completed reload, in  0.769 seconds
Platform modules already initialized, skipping
Refreshing native plugins compatible for Editor in 0.31 ms, found 1 plugins.
Preloading 0 native plugins for Editor in 0.00 ms.
Unloading 1809 Unused Serialized files (Serialized files now loaded: 0)
System memory in use before: 88.5 MB.
System memory in use after: 88.5 MB.

Unloading 12 unused Assets to reduce memory usage. Loaded Objects now: 2400.
Total: 2.238400 ms (FindLiveObjects: 0.201600 ms CreateObjectMapping: 0.102400 ms MarkObjects: 1.813900 ms  DeleteObjects: 0.119700 ms)

========================================================================
Received Import Request.
  Time since last request: 740.991200 seconds.
  path: Assets/coin.prefab
  artifactKey: Guid(adec057b07e1b3d46bd4fa20fcfd08ee) Importer(815301076,1909f56bfc062723c751e8b465ee728b)
Start importing Assets/coin.prefab using Guid(adec057b07e1b3d46bd4fa20fcfd08ee) Importer(815301076,1909f56bfc062723c751e8b465ee728b)  -> (artifact id: 'a24cd221f0fadb4cebd3f03268964169') in 0.225576 seconds
  Import took 0.229668 seconds .

========================================================================
Received Prepare
Registering precompiled user dll's ...
Registered in 0.000634 seconds.
Begin MonoManager ReloadAssembly
Native extension for WindowsStandalone target not found
Refreshing native plugins compatible for Editor in 0.42 ms, found 1 plugins.
Preloading 0 native plugins for Editor in 0.00 ms.
Mono: successfully reloaded assembly
- Completed reload, in  0.759 seconds
Platform modules already initialized, skipping
Refreshing native plugins compatible for Editor in 0.49 ms, found 1 plugins.
Preloading 0 native plugins for Editor in 0.00 ms.
Unloading 1809 Unused Serialized files (Serialized files now loaded: 0)
System memory in use before: 88.5 MB.
System memory in use after: 88.5 MB.

Unloading 12 unused Assets to reduce memory usage. Loaded Objects now: 2405.
Total: 2.538100 ms (FindLiveObjects: 0.291600 ms CreateObjectMapping: 0.278000 ms MarkObjects: 1.834900 ms  DeleteObjects: 0.132600 ms)

========================================================================
Received Prepare
Registering precompiled user dll's ...
Registered in 0.000648 seconds.
Begin MonoManager ReloadAssembly
Native extension for WindowsStandalone target not found
Refreshing native plugins compatible for Editor in 0.39 ms, found 1 plugins.
Preloading 0 native plugins for Editor in 0.00 ms.
Mono: successfully reloaded assembly
- Completed reload, in  0.770 seconds
Platform modules already initialized, skipping
Refreshing native plugins compatible for Editor in 0.36 ms, found 1 plugins.
Preloading 0 native plugins for Editor in 0.00 ms.
Unloading 1809 Unused Serialized files (Serialized files now loaded: 0)
System memory in use before: 88.5 MB.
System memory in use after: 88.5 MB.

Unloading 12 unused Assets to reduce memory usage. Loaded Objects now: 2409.
Total: 1.922000 ms (FindLiveObjects: 0.209300 ms CreateObjectMapping: 0.078100 ms MarkObjects: 1.518500 ms  DeleteObjects: 0.115200 ms)

========================================================================
Received Prepare
Registering precompiled user dll's ...
Registered in 0.000809 seconds.
Begin MonoManager ReloadAssembly
Native extension for WindowsStandalone target not found
Refreshing native plugins compatible for Editor in 0.47 ms, found 1 plugins.
Preloading 0 native plugins for Editor in 0.00 ms.
Mono: successfully reloaded assembly
- Completed reload, in  0.804 seconds
Platform modules already initialized, skipping
Refreshing native plugins compatible for Editor in 0.32 ms, found 1 plugins.
Preloading 0 native plugins for Editor in 0.00 ms.
Unloading 1809 Unused Serialized files (Serialized files now loaded: 0)
System memory in use before: 88.5 MB.
System memory in use after: 88.5 MB.

Unloading 12 unused Assets to reduce memory usage. Loaded Objects now: 2413.
Total: 2.040300 ms (FindLiveObjects: 0.188200 ms CreateObjectMapping: 0.074900 ms MarkObjects: 1.654400 ms  DeleteObjects: 0.122000 ms)

========================================================================
Received Import Request.
  Time since last request: 175.822518 seconds.
  path: Assets/coin.prefab
  artifactKey: Guid(adec057b07e1b3d46bd4fa20fcfd08ee) Importer(815301076,1909f56bfc062723c751e8b465ee728b)
Start importing Assets/coin.prefab using Guid(adec057b07e1b3d46bd4fa20fcfd08ee) Importer(815301076,1909f56bfc062723c751e8b465ee728b)  -> (artifact id: '367ed58ed7a4f994ea5ec61a50df5f06') in 0.232684 seconds
  Import took 0.237038 seconds .

========================================================================
Received Prepare
Registering precompiled user dll's ...
Registered in 0.000763 seconds.
Begin MonoManager ReloadAssembly
Native extension for WindowsStandalone target not found
Refreshing native plugins compatible for Editor in 0.38 ms, found 1 plugins.
Preloading 0 native plugins for Editor in 0.00 ms.
Mono: successfully reloaded assembly
- Completed reload, in  0.781 seconds
Platform modules already initialized, skipping
Refreshing native plugins compatible for Editor in 0.38 ms, found 1 plugins.
Preloading 0 native plugins for Editor in 0.00 ms.
Unloading 1809 Unused Serialized files (Serialized files now loaded: 0)
System memory in use before: 88.6 MB.
System memory in use after: 88.5 MB.

Unloading 12 unused Assets to reduce memory usage. Loaded Objects now: 2418.
Total: 2.434300 ms (FindLiveObjects: 0.200200 ms CreateObjectMapping: 0.071500 ms MarkObjects: 2.044200 ms  DeleteObjects: 0.117300 ms)

========================================================================
Received Prepare
Registering precompiled user dll's ...
Registered in 0.000676 seconds.
Begin MonoManager ReloadAssembly
Native extension for WindowsStandalone target not found
Refreshing native plugins compatible for Editor in 0.35 ms, found 1 plugins.
Preloading 0 native plugins for Editor in 0.00 ms.
Mono: successfully reloaded assembly
- Completed reload, in  0.761 seconds
Platform modules already initialized, skipping
Refreshing native plugins compatible for Editor in 0.33 ms, found 1 plugins.
Preloading 0 native plugins for Editor in 0.00 ms.
Unloading 1809 Unused Serialized files (Serialized files now loaded: 0)
System memory in use before: 88.6 MB.
System memory in use after: 88.5 MB.

Unloading 12 unused Assets to reduce memory usage. Loaded Objects now: 2422.
Total: 2.038900 ms (FindLiveObjects: 0.210900 ms CreateObjectMapping: 0.076600 ms MarkObjects: 1.615400 ms  DeleteObjects: 0.135100 ms)

========================================================================
Received Prepare
Registering precompiled user dll's ...
Registered in 0.000691 seconds.
Begin MonoManager ReloadAssembly
Native extension for WindowsStandalone target not found
Refreshing native plugins compatible for Editor in 0.32 ms, found 1 plugins.
Preloading 0 native plugins for Editor in 0.00 ms.
Mono: successfully reloaded assembly
- Completed reload, in  0.754 seconds
Platform modules already initialized, skipping
Refreshing native plugins compatible for Editor in 0.33 ms, found 1 plugins.
Preloading 0 native plugins for Editor in 0.00 ms.
Unloading 1809 Unused Serialized files (Serialized files now loaded: 0)
System memory in use before: 88.6 MB.
System memory in use after: 88.6 MB.

Unloading 12 unused Assets to reduce memory usage. Loaded Objects now: 2426.
Total: 2.260800 ms (FindLiveObjects: 0.209100 ms CreateObjectMapping: 0.071000 ms MarkObjects: 1.879100 ms  DeleteObjects: 0.100900 ms)

========================================================================
Received Prepare
Registering precompiled user dll's ...
Registered in 0.000726 seconds.
Begin MonoManager ReloadAssembly
Native extension for WindowsStandalone target not found
Refreshing native plugins compatible for Editor in 0.33 ms, found 1 plugins.
Preloading 0 native plugins for Editor in 0.00 ms.
Mono: successfully reloaded assembly
- Completed reload, in  0.800 seconds
Platform modules already initialized, skipping
Refreshing native plugins compatible for Editor in 0.33 ms, found 1 plugins.
Preloading 0 native plugins for Editor in 0.00 ms.
Unloading 1809 Unused Serialized files (Serialized files now loaded: 0)
System memory in use before: 88.6 MB.
System memory in use after: 88.6 MB.

Unloading 12 unused Assets to reduce memory usage. Loaded Objects now: 2430.
Total: 2.020700 ms (FindLiveObjects: 0.215200 ms CreateObjectMapping: 0.062600 ms MarkObjects: 1.643900 ms  DeleteObjects: 0.098100 ms)

========================================================================
Received Prepare
Registering precompiled user dll's ...
Registered in 0.001248 seconds.
Begin MonoManager ReloadAssembly
Native extension for WindowsStandalone target not found
Refreshing native plugins compatible for Editor in 0.33 ms, found 1 plugins.
Preloading 0 native plugins for Editor in 0.00 ms.
Mono: successfully reloaded assembly
- Completed reload, in  0.787 seconds
Platform modules already initialized, skipping
Refreshing native plugins compatible for Editor in 0.34 ms, found 1 plugins.
Preloading 0 native plugins for Editor in 0.00 ms.
Unloading 1809 Unused Serialized files (Serialized files now loaded: 0)
System memory in use before: 88.6 MB.
System memory in use after: 88.6 MB.

Unloading 12 unused Assets to reduce memory usage. Loaded Objects now: 2434.
Total: 2.242400 ms (FindLiveObjects: 0.189300 ms CreateObjectMapping: 0.062000 ms MarkObjects: 1.878900 ms  DeleteObjects: 0.110900 ms)

========================================================================
Received Import Request.
  Time since last request: 322.987070 seconds.
  path: Assets/coin.prefab
  artifactKey: Guid(adec057b07e1b3d46bd4fa20fcfd08ee) Importer(815301076,1909f56bfc062723c751e8b465ee728b)
Start importing Assets/coin.prefab using Guid(adec057b07e1b3d46bd4fa20fcfd08ee) Importer(815301076,1909f56bfc062723c751e8b465ee728b)  -> (artifact id: 'e183893f40018c27faac043a33a8d322') in 0.236481 seconds
  Import took 0.240972 seconds .

========================================================================
Received Import Request.
  Time since last request: 12.395368 seconds.
  path: Assets/coin.prefab
  artifactKey: Guid(adec057b07e1b3d46bd4fa20fcfd08ee) Importer(815301076,1909f56bfc062723c751e8b465ee728b)
Start importing Assets/coin.prefab using Guid(adec057b07e1b3d46bd4fa20fcfd08ee) Importer(815301076,1909f56bfc062723c751e8b465ee728b)  -> (artifact id: '9becb5468a6f747d9507f18bf7ba1e73') in 0.052761 seconds
  Import took 0.064693 seconds .

========================================================================
Received Import Request.
  Time since last request: 3.335148 seconds.
  path: Assets/coin.prefab
  artifactKey: Guid(adec057b07e1b3d46bd4fa20fcfd08ee) Importer(815301076,1909f56bfc062723c751e8b465ee728b)
Start importing Assets/coin.prefab using Guid(adec057b07e1b3d46bd4fa20fcfd08ee) Importer(815301076,1909f56bfc062723c751e8b465ee728b)  -> (artifact id: 'b35a98539a2f1136aa5215953f3aaa41') in 0.049763 seconds
  Import took 0.055817 seconds .

========================================================================
Received Import Request.
  Time since last request: 1.765781 seconds.
  path: Assets/coin.prefab
  artifactKey: Guid(adec057b07e1b3d46bd4fa20fcfd08ee) Importer(815301076,1909f56bfc062723c751e8b465ee728b)
Start importing Assets/coin.prefab using Guid(adec057b07e1b3d46bd4fa20fcfd08ee) Importer(815301076,1909f56bfc062723c751e8b465ee728b)  -> (artifact id: 'cf8211d04b6605c27d30c93e1dc672c7') in 0.048320 seconds
  Import took 0.053458 seconds .

========================================================================
Received Import Request.
  Time since last request: 2.582149 seconds.
  path: Assets/coin.prefab
  artifactKey: Guid(adec057b07e1b3d46bd4fa20fcfd08ee) Importer(815301076,1909f56bfc062723c751e8b465ee728b)
Start importing Assets/coin.prefab using Guid(adec057b07e1b3d46bd4fa20fcfd08ee) Importer(815301076,1909f56bfc062723c751e8b465ee728b)  -> (artifact id: '55bd50c96b40d5868bbe04b71a514f09') in 0.045176 seconds
  Import took 0.049531 seconds .

========================================================================
Received Import Request.
  Time since last request: 8.058947 seconds.
  path: Assets/coin.prefab
  artifactKey: Guid(adec057b07e1b3d46bd4fa20fcfd08ee) Importer(815301076,1909f56bfc062723c751e8b465ee728b)
Start importing Assets/coin.prefab using Guid(adec057b07e1b3d46bd4fa20fcfd08ee) Importer(815301076,1909f56bfc062723c751e8b465ee728b)  -> (artifact id: '8c1130da41d6e05198234a0c1d21acc3') in 0.077201 seconds
  Import took 0.089652 seconds .

========================================================================
Received Prepare
Registering precompiled user dll's ...
Registered in 0.000675 seconds.
Begin MonoManager ReloadAssembly
Native extension for WindowsStandalone target not found
Refreshing native plugins compatible for Editor in 0.35 ms, found 1 plugins.
Preloading 0 native plugins for Editor in 0.00 ms.
Mono: successfully reloaded assembly
- Completed reload, in  0.743 seconds
Platform modules already initialized, skipping
Refreshing native plugins compatible for Editor in 0.40 ms, found 1 plugins.
Preloading 0 native plugins for Editor in 0.00 ms.
Unloading 1809 Unused Serialized files (Serialized files now loaded: 0)
System memory in use before: 88.6 MB.
System memory in use after: 88.6 MB.

Unloading 12 unused Assets to reduce memory usage. Loaded Objects now: 2439.
Total: 2.067800 ms (FindLiveObjects: 0.188700 ms CreateObjectMapping: 0.062800 ms MarkObjects: 1.712700 ms  DeleteObjects: 0.102400 ms)

========================================================================
Received Import Request.
  Time since last request: 115.265118 seconds.
  path: ProjectSettings/TagManager.asset
  artifactKey: Guid(00000000000000003000000000000000) Importer(815301076,1909f56bfc062723c751e8b465ee728b)
Start importing ProjectSettings/TagManager.asset using Guid(00000000000000003000000000000000) Importer(815301076,1909f56bfc062723c751e8b465ee728b)  -> (artifact id: '4c429613ab85c1721e3ccefa0941558b') in 0.018857 seconds
  Import took 0.021768 seconds .

========================================================================
Received Prepare
Registering precompiled user dll's ...
Registered in 0.000725 seconds.
Begin MonoManager ReloadAssembly
Native extension for WindowsStandalone target not found
Refreshing native plugins compatible for Editor in 0.33 ms, found 1 plugins.
Preloading 0 native plugins for Editor in 0.00 ms.
Mono: successfully reloaded assembly
- Completed reload, in  0.760 seconds
Platform modules already initialized, skipping
Refreshing native plugins compatible for Editor in 0.32 ms, found 1 plugins.
Preloading 0 native plugins for Editor in 0.00 ms.
Unloading 1809 Unused Serialized files (Serialized files now loaded: 0)
System memory in use before: 88.6 MB.
System memory in use after: 88.6 MB.

Unloading 13 unused Assets to reduce memory usage. Loaded Objects now: 2443.
Total: 2.267400 ms (FindLiveObjects: 0.200000 ms CreateObjectMapping: 0.093600 ms MarkObjects: 1.819000 ms  DeleteObjects: 0.153800 ms)

========================================================================
Received Prepare
Registering precompiled user dll's ...
Registered in 0.000708 seconds.
Begin MonoManager ReloadAssembly
Native extension for WindowsStandalone target not found
Refreshing native plugins compatible for Editor in 0.32 ms, found 1 plugins.
Preloading 0 native plugins for Editor in 0.00 ms.
Mono: successfully reloaded assembly
- Completed reload, in  0.752 seconds
Platform modules already initialized, skipping
Refreshing native plugins compatible for Editor in 0.32 ms, found 1 plugins.
Preloading 0 native plugins for Editor in 0.00 ms.
Unloading 1809 Unused Serialized files (Serialized files now loaded: 0)
System memory in use before: 88.6 MB.
System memory in use after: 88.6 MB.

Unloading 12 unused Assets to reduce memory usage. Loaded Objects now: 2447.
Total: 2.021400 ms (FindLiveObjects: 0.188700 ms CreateObjectMapping: 0.079600 ms MarkObjects: 1.647500 ms  DeleteObjects: 0.104700 ms)

========================================================================
Received Import Request.
  Time since last request: 165.059349 seconds.
  path: Assets/coin.prefab
  artifactKey: Guid(adec057b07e1b3d46bd4fa20fcfd08ee) Importer(815301076,1909f56bfc062723c751e8b465ee728b)
Start importing Assets/coin.prefab using Guid(adec057b07e1b3d46bd4fa20fcfd08ee) Importer(815301076,1909f56bfc062723c751e8b465ee728b)  -> (artifact id: '1aa0a30817e6a037f344ec99bfe55b18') in 0.216850 seconds
  Import took 0.262735 seconds .

========================================================================
Received Prepare
Registering precompiled user dll's ...
Registered in 0.000732 seconds.
Begin MonoManager ReloadAssembly
Native extension for WindowsStandalone target not found
Refreshing native plugins compatible for Editor in 0.45 ms, found 1 plugins.
Preloading 0 native plugins for Editor in 0.00 ms.
Mono: successfully reloaded assembly
- Completed reload, in  0.741 seconds
Platform modules already initialized, skipping
Refreshing native plugins compatible for Editor in 0.48 ms, found 1 plugins.
Preloading 0 native plugins for Editor in 0.00 ms.
Unloading 1809 Unused Serialized files (Serialized files now loaded: 0)
System memory in use before: 88.6 MB.
System memory in use after: 88.6 MB.

Unloading 12 unused Assets to reduce memory usage. Loaded Objects now: 2452.
Total: 2.321200 ms (FindLiveObjects: 0.582600 ms CreateObjectMapping: 0.078400 ms MarkObjects: 1.556100 ms  DeleteObjects: 0.100500 ms)

========================================================================
Received Import Request.
  Time since last request: 56.225196 seconds.
  path: Assets/Audi.prefab
  artifactKey: Guid(c6b3105dac595ad499825f6dbd6c4987) Importer(815301076,1909f56bfc062723c751e8b465ee728b)
Start importing Assets/Audi.prefab using Guid(c6b3105dac595ad499825f6dbd6c4987) Importer(815301076,1909f56bfc062723c751e8b465ee728b)  -> (artifact id: '27409a2ac8106e2b71d7e2fd92d8c57b') in 0.065284 seconds
  Import took 0.068545 seconds .

========================================================================
Received Import Request.
  Time since last request: 11.425190 seconds.
  path: Assets/GreenCar.prefab
  artifactKey: Guid(87533c34391a32142aad42520faaaf6f) Importer(815301076,1909f56bfc062723c751e8b465ee728b)
Start importing Assets/GreenCar.prefab using Guid(87533c34391a32142aad42520faaaf6f) Importer(815301076,1909f56bfc062723c751e8b465ee728b)  -> (artifact id: 'b410699db50cf91ac963b2b2f8833d8a') in 0.101281 seconds
  Import took 0.104531 seconds .

========================================================================
Received Import Request.
  Time since last request: 7.001649 seconds.
  path: Assets/Police.prefab
  artifactKey: Guid(be6c9c41226f9344584550112d6934ec) Importer(815301076,1909f56bfc062723c751e8b465ee728b)
Start importing Assets/Police.prefab using Guid(be6c9c41226f9344584550112d6934ec) Importer(815301076,1909f56bfc062723c751e8b465ee728b)  -> (artifact id: 'c64fb014a33eddaf44bec717d946d15f') in 0.070399 seconds
  Import took 0.078551 seconds .

========================================================================
Received Import Request.
  Time since last request: 4.507378 seconds.
  path: Assets/Truck.prefab
  artifactKey: Guid(1bfc718212f594243acf6fe182ad0f26) Importer(815301076,1909f56bfc062723c751e8b465ee728b)
Start importing Assets/Truck.prefab using Guid(1bfc718212f594243acf6fe182ad0f26) Importer(815301076,1909f56bfc062723c751e8b465ee728b)  -> (artifact id: 'd7e2e5e4f80be37df49e57799ce23f6c') in 0.022596 seconds
  Import took 0.025874 seconds .

========================================================================
Received Import Request.
  Time since last request: 0.009876 seconds.
  path: Assets/Truck.prefab
  artifactKey: Guid(1bfc718212f594243acf6fe182ad0f26) Importer(815301076,1909f56bfc062723c751e8b465ee728b)
Start importing Assets/Truck.prefab using Guid(1bfc718212f594243acf6fe182ad0f26) Importer(815301076,1909f56bfc062723c751e8b465ee728b)  -> (artifact id: 'd7e2e5e4f80be37df49e57799ce23f6c') in 0.019142 seconds
  Import took 0.023146 seconds .

========================================================================
Received Import Request.
  Time since last request: 4.288129 seconds.
  path: Assets/Taxi.prefab
  artifactKey: Guid(d6dccea2bb0f7cd46b0221b9a04538f8) Importer(815301076,1909f56bfc062723c751e8b465ee728b)
Start importing Assets/Taxi.prefab using Guid(d6dccea2bb0f7cd46b0221b9a04538f8) Importer(815301076,1909f56bfc062723c751e8b465ee728b)  -> (artifact id: '10c5875cebae0ed2e3508dd3a3ff6749') in 0.029952 seconds
  Import took 0.034949 seconds .

========================================================================
Received Import Request.
  Time since last request: 0.011845 seconds.
  path: Assets/Taxi.prefab
  artifactKey: Guid(d6dccea2bb0f7cd46b0221b9a04538f8) Importer(815301076,1909f56bfc062723c751e8b465ee728b)
Start importing Assets/Taxi.prefab using Guid(d6dccea2bb0f7cd46b0221b9a04538f8) Importer(815301076,1909f56bfc062723c751e8b465ee728b)  -> (artifact id: '10c5875cebae0ed2e3508dd3a3ff6749') in 0.020185 seconds
  Import took 0.024722 seconds .

========================================================================
Received Import Request.
  Time since last request: 9.281552 seconds.
  path: Assets/OrangeCar.prefab
  artifactKey: Guid(6f4bee81e103af544a61eb71299a1bf2) Importer(815301076,1909f56bfc062723c751e8b465ee728b)
Start importing Assets/OrangeCar.prefab using Guid(6f4bee81e103af544a61eb71299a1bf2) Importer(815301076,1909f56bfc062723c751e8b465ee728b)  -> (artifact id: '8ce426146a4bc5f1e23192e509630002') in 0.067445 seconds
  Import took 0.078096 seconds .

========================================================================
Received Import Request.
  Time since last request: 21.148549 seconds.
  path: Assets/coin.prefab
  artifactKey: Guid(adec057b07e1b3d46bd4fa20fcfd08ee) Importer(815301076,1909f56bfc062723c751e8b465ee728b)
Start importing Assets/coin.prefab using Guid(adec057b07e1b3d46bd4fa20fcfd08ee) Importer(815301076,1909f56bfc062723c751e8b465ee728b)  -> (artifact id: '0072b8d88739e06f424beb53916b13c8') in 0.251656 seconds
  Import took 0.257082 seconds .

========================================================================
Received Import Request.
  Time since last request: 16.594768 seconds.
  path: Assets/Frog.cs
  artifactKey: Guid(46451dc268bdb354aab0063e0dc4e9fb) Importer(815301076,1909f56bfc062723c751e8b465ee728b)
Start importing Assets/Frog.cs using Guid(46451dc268bdb354aab0063e0dc4e9fb) Importer(815301076,1909f56bfc062723c751e8b465ee728b)  -> (artifact id: '0375cb6c9738f0444233cfa58cf876dc') in 0.009802 seconds
  Import took 0.013531 seconds .

========================================================================
Received Prepare
Registering precompiled user dll's ...
Registered in 0.000701 seconds.
Begin MonoManager ReloadAssembly
Native extension for WindowsStandalone target not found
Refreshing native plugins compatible for Editor in 0.37 ms, found 1 plugins.
Preloading 0 native plugins for Editor in 0.00 ms.
Mono: successfully reloaded assembly
- Completed reload, in  0.741 seconds
Platform modules already initialized, skipping
Refreshing native plugins compatible for Editor in 0.32 ms, found 1 plugins.
Preloading 0 native plugins for Editor in 0.00 ms.
Unloading 1809 Unused Serialized files (Serialized files now loaded: 0)
System memory in use before: 88.6 MB.
System memory in use after: 88.6 MB.

Unloading 12 unused Assets to reduce memory usage. Loaded Objects now: 2457.
Total: 1.825500 ms (FindLiveObjects: 0.179600 ms CreateObjectMapping: 0.061700 ms MarkObjects: 1.481100 ms  DeleteObjects: 0.102100 ms)

========================================================================
Received Prepare
Registering precompiled user dll's ...
Registered in 0.000957 seconds.
Begin MonoManager ReloadAssembly
Native extension for WindowsStandalone target not found
Refreshing native plugins compatible for Editor in 0.33 ms, found 1 plugins.
Preloading 0 native plugins for Editor in 0.00 ms.
Mono: successfully reloaded assembly
- Completed reload, in  0.890 seconds
Platform modules already initialized, skipping
Refreshing native plugins compatible for Editor in 0.32 ms, found 1 plugins.
Preloading 0 native plugins for Editor in 0.00 ms.
Unloading 1809 Unused Serialized files (Serialized files now loaded: 0)
System memory in use before: 88.7 MB.
System memory in use after: 88.6 MB.

Unloading 12 unused Assets to reduce memory usage. Loaded Objects now: 2461.
Total: 2.563900 ms (FindLiveObjects: 0.266500 ms CreateObjectMapping: 0.086100 ms MarkObjects: 2.108900 ms  DeleteObjects: 0.101400 ms)

========================================================================
Received Prepare
Registering precompiled user dll's ...
Registered in 0.000898 seconds.
Begin MonoManager ReloadAssembly
Native extension for WindowsStandalone target not found
Refreshing native plugins compatible for Editor in 0.35 ms, found 1 plugins.
Preloading 0 native plugins for Editor in 0.00 ms.
Mono: successfully reloaded assembly
- Completed reload, in  0.743 seconds
Platform modules already initialized, skipping
Refreshing native plugins compatible for Editor in 0.32 ms, found 1 plugins.
Preloading 0 native plugins for Editor in 0.00 ms.
Unloading 1809 Unused Serialized files (Serialized files now loaded: 0)
System memory in use before: 88.7 MB.
System memory in use after: 88.6 MB.

Unloading 12 unused Assets to reduce memory usage. Loaded Objects now: 2465.
Total: 2.880900 ms (FindLiveObjects: 0.479700 ms CreateObjectMapping: 0.256700 ms MarkObjects: 2.036400 ms  DeleteObjects: 0.106600 ms)

========================================================================
Received Prepare
Registering precompiled user dll's ...
Registered in 0.000742 seconds.
Begin MonoManager ReloadAssembly
Native extension for WindowsStandalone target not found
Refreshing native plugins compatible for Editor in 0.33 ms, found 1 plugins.
Preloading 0 native plugins for Editor in 0.00 ms.
Mono: successfully reloaded assembly
- Completed reload, in  0.862 seconds
Platform modules already initialized, skipping
Refreshing native plugins compatible for Editor in 0.33 ms, found 1 plugins.
Preloading 0 native plugins for Editor in 0.00 ms.
Unloading 1809 Unused Serialized files (Serialized files now loaded: 0)
System memory in use before: 88.7 MB.
System memory in use after: 88.6 MB.

Unloading 12 unused Assets to reduce memory usage. Loaded Objects now: 2469.
Total: 1.851100 ms (FindLiveObjects: 0.202800 ms CreateObjectMapping: 0.073000 ms MarkObjects: 1.472500 ms  DeleteObjects: 0.101900 ms)

AssetImportWorkerClient::OnTransportError - code=2 error=End of file
