Using pre-set license
Built from '2020.3/staging' branch; Version is '2020.3.4f1 (0abb6314276a) revision 703331'; Using compiler version '192528614'; Build Type 'Release'
OS: 'Windows 10 Education; OS build 18363.1500; Version 1909; 64bit' Language: 'en' Physical Memory: 16330 MB
BatchMode: 1, IsHumanControllingUs: 0, StartBugReporterOnCrash: 0, Is64bit: 1, IsPro: 0

 COMMAND LINE ARGUMENTS:
C:\Program Files\Unity\Hub\Editor\2020.3.4f1\Editor\Unity.exe
-adb2
-batchMode
-noUpm
-name
AssetImportWorker0
-projectPath
C:/Users/Brian/OneDrive/Documents/GitHub/Unity-Game-Development/Frogger
-logFile
Logs/AssetImportWorker0.log
-srvPort
55840
Successfully changed project path to: C:/Users/Brian/OneDrive/Documents/GitHub/Unity-Game-Development/Frogger
C:/Users/Brian/OneDrive/Documents/GitHub/Unity-Game-Development/Frogger
Using Asset Import Pipeline V2.
Refreshing native plugins compatible for Editor in 47.73 ms, found 1 plugins.
Preloading 0 native plugins for Editor in 0.00 ms.
Initialize engine version: 2020.3.4f1 (0abb6314276a)
[Subsystems] Discovering subsystems at path C:/Program Files/Unity/Hub/Editor/2020.3.4f1/Editor/Data/Resources/UnitySubsystems
[Subsystems] Discovering subsystems at path C:/Users/Brian/OneDrive/Documents/GitHub/Unity-Game-Development/Frogger/Assets
GfxDevice: creating device client; threaded=0
Direct3D:
    Version:  Direct3D 11.0 [level 11.1]
    Renderer: NVIDIA GeForce RTX 2080 Ti (ID=0x1e07)
    Vendor:   
    VRAM:     11048 MB
    Driver:   27.21.14.6611
Initialize mono
Mono path[0] = 'C:/Program Files/Unity/Hub/Editor/2020.3.4f1/Editor/Data/Managed'
Mono path[1] = 'C:/Program Files/Unity/Hub/Editor/2020.3.4f1/Editor/Data/MonoBleedingEdge/lib/mono/unityjit'
Mono config path = 'C:/Program Files/Unity/Hub/Editor/2020.3.4f1/Editor/Data/MonoBleedingEdge/etc'
Using monoOptions --debugger-agent=transport=dt_socket,embedding=1,server=y,suspend=n,address=127.0.0.1:56152
Begin MonoManager ReloadAssembly
Registering precompiled unity dll's ...
Register platform support module: C:/Program Files/Unity/Hub/Editor/2020.3.4f1/Editor/Data/PlaybackEngines/WindowsStandaloneSupport/UnityEditor.WindowsStandalone.Extensions.dll
Registered in 0.002431 seconds.
Native extension for WindowsStandalone target not found
Refreshing native plugins compatible for Editor in 38.93 ms, found 1 plugins.
Preloading 0 native plugins for Editor in 0.00 ms.
Mono: successfully reloaded assembly
- Completed reload, in  1.140 seconds
Platform modules already initialized, skipping
Registering precompiled user dll's ...
Registered in 0.001272 seconds.
Begin MonoManager ReloadAssembly
Native extension for WindowsStandalone target not found
Refreshing native plugins compatible for Editor in 38.06 ms, found 1 plugins.
Preloading 0 native plugins for Editor in 0.00 ms.
Mono: successfully reloaded assembly
- Completed reload, in  0.991 seconds
Platform modules already initialized, skipping
========================================================================
Worker process is ready to serve import requests
Launched and connected shader compiler UnityShaderCompiler.exe after 0.05 seconds
Refreshing native plugins compatible for Editor in 0.57 ms, found 1 plugins.
Preloading 0 native plugins for Editor in 0.00 ms.
Unloading 1809 Unused Serialized files (Serialized files now loaded: 0)
System memory in use before: 84.9 MB.
System memory in use after: 84.8 MB.

Unloading 24 unused Assets to reduce memory usage. Loaded Objects now: 2251.
Total: 2.586100 ms (FindLiveObjects: 0.237000 ms CreateObjectMapping: 0.046100 ms MarkObjects: 2.127300 ms  DeleteObjects: 0.174300 ms)

========================================================================
Received Import Request.
  path: Assets/Car.psd
  artifactKey: Guid(f5a3a201d41f26d4a9801780d8fd276f) Importer(815301076,1909f56bfc062723c751e8b465ee728b)
Start importing Assets/Car.psd using Guid(f5a3a201d41f26d4a9801780d8fd276f) Importer(815301076,1909f56bfc062723c751e8b465ee728b)  -> (artifact id: '87395ea9d6bb86a529f04f2ab13d4dc5') in 0.110707 seconds
  Import took 0.114003 seconds .

========================================================================
Received Import Request.
  Time since last request: 0.000306 seconds.
  path: Assets/Divider.psd
  artifactKey: Guid(e6265c840a7d3a84dbb9a966685c5ed6) Importer(815301076,1909f56bfc062723c751e8b465ee728b)
Start importing Assets/Divider.psd using Guid(e6265c840a7d3a84dbb9a966685c5ed6) Importer(815301076,1909f56bfc062723c751e8b465ee728b)  -> (artifact id: 'c06a8e4749c31625c3b0c14a57f72587') in 0.021874 seconds
  Import took 0.024806 seconds .

========================================================================
Received Import Request.
  Time since last request: 0.000267 seconds.
  path: Assets/Frog.png
  artifactKey: Guid(5eb2a3ad7ab3f164d9c55418bb848298) Importer(815301076,1909f56bfc062723c751e8b465ee728b)
Start importing Assets/Frog.png using Guid(5eb2a3ad7ab3f164d9c55418bb848298) Importer(815301076,1909f56bfc062723c751e8b465ee728b)  -> (artifact id: '8a2aca44d2a1938531916d450d1e5626') in 0.065664 seconds
  Import took 0.070102 seconds .

========================================================================
Received Import Request.
  Time since last request: 0.000393 seconds.
  path: Assets/Divider.psd
  artifactKey: Guid(e6265c840a7d3a84dbb9a966685c5ed6) Importer(815301076,1909f56bfc062723c751e8b465ee728b)
Start importing Assets/Divider.psd using Guid(e6265c840a7d3a84dbb9a966685c5ed6) Importer(815301076,1909f56bfc062723c751e8b465ee728b)  -> (artifact id: 'c06a8e4749c31625c3b0c14a57f72587') in 0.010978 seconds
  Import took 0.015289 seconds .

========================================================================
Received Import Request.
  Time since last request: 0.000306 seconds.
  path: Assets/Road.png
  artifactKey: Guid(80766aedba3e7fc4897bba2c87ae9b96) Importer(815301076,1909f56bfc062723c751e8b465ee728b)
Start importing Assets/Road.png using Guid(80766aedba3e7fc4897bba2c87ae9b96) Importer(815301076,1909f56bfc062723c751e8b465ee728b)  -> (artifact id: 'c84d41e337907e8a2ed524675b3af576') in 0.027467 seconds
  Import took 0.031119 seconds .

========================================================================
Received Prepare
Registering precompiled user dll's ...
Registered in 0.001324 seconds.
Begin MonoManager ReloadAssembly
Native extension for WindowsStandalone target not found
Refreshing native plugins compatible for Editor in 0.37 ms, found 1 plugins.
Preloading 0 native plugins for Editor in 0.00 ms.
Mono: successfully reloaded assembly
- Completed reload, in  0.833 seconds
Platform modules already initialized, skipping
Refreshing native plugins compatible for Editor in 0.39 ms, found 1 plugins.
Preloading 0 native plugins for Editor in 0.00 ms.
Unloading 1804 Unused Serialized files (Serialized files now loaded: 0)
System memory in use before: 87.9 MB.
System memory in use after: 87.9 MB.

Unloading 12 unused Assets to reduce memory usage. Loaded Objects now: 2267.
Total: 2.060500 ms (FindLiveObjects: 0.236400 ms CreateObjectMapping: 0.042400 ms MarkObjects: 1.671400 ms  DeleteObjects: 0.108900 ms)

AssetImportWorkerClient::OnTransportError - code=2 error=End of file
